<?xml version="1.0" encoding="UTF-8" standalone="no"?>
<!DOCTYPE log SYSTEM "logger.dtd">
<log>
<record>
  <date>2017-06-28T14:25:25.063-0300</date>
  <logger>THALYS MENEZES CUNHA GADELHA</logger>
  <level>FINE</level>
  <message>File 115210271-THALYS MENEZES CUNHA GADELHA.zip was received. It was sent by THALYS MENEZES CUNHA GADELHA from IP 127.0.1.1</message>
</record>
</log>
<?xml version="1.0" encoding="UTF-8" standalone="no"?>
<!DOCTYPE log SYSTEM "logger.dtd">
<log>
<record>
  <date>2017-06-30T16:21:05.304-0300</date>
  <logger>THALYS MENEZES CUNHA GADELHA</logger>
  <level>FINE</level>
  <message>File 115210271-THALYS MENEZES CUNHA GADELHA.zip was received. It was sent by THALYS MENEZES CUNHA GADELHA from IP 127.0.1.1</message>
</record>
</log>
<?xml version="1.0" encoding="UTF-8" standalone="no"?>
<!DOCTYPE log SYSTEM "logger.dtd">
<log>
<record>
  <date>2017-07-01T16:56:00.863-0300</date>
  <logger>THALYS MENEZES CUNHA GADELHA</logger>
  <level>FINE</level>
  <message>File 115210271-THALYS MENEZES CUNHA GADELHA.zip was received. It was sent by THALYS MENEZES CUNHA GADELHA from IP 127.0.1.1</message>
</record>
